This is TeX, Version 3.14159265 (TeX Live 2015/Debian) (preloaded format=tex 2017.9.19)  7 MAY 2018 11:53
**ref.bib
(./ref.bib
Overfull \hbox (42.44527pt too wide) in paragraph at lines 1--48
\tenrm thor=Nguyen, G. et al., book-ti-tle=Proc. SCSC, pages=30:1--30:8, year=2
013  @in-pro-ceed-ingszhang2005coolstreaming,|

\hbox(6.94444+1.94444)x469.75499, glue set - 1.0
.\tenrm t
.\tenrm h
.\tenrm o
.\tenrm r
.\tenrm =
.etc.

! Undefined control sequence.
l.142   howpublished = {\url
                            {http://emule.com}},
The control sequence at the end of the top line
of your error message was never \def'ed. If you have
misspelled it (e.g., `\hobx'), type `I' and the correct
spelling (e.g., `I\hbox'). Otherwise just continue,
and I'll forget about whatever was undefined.

)
! Emergency stop.
<*> ref.bib
           
*** (job aborted, no legal \end found)

No pages of output.
