This is pdfTeX, Version 3.14159265-2.6-1.40.15 (TeX Live 2015/dev/Debian) (preloaded format=pdflatex 2015.11.2)  10 NOV 2015 13:41
entering extended mode
 restricted \write18 enabled.
 %&-line parsing enabled.
**algorithmicx.tex
(./algorithmicx.tex
LaTeX2e <2014/05/01>
Babel <3.9l> and hyphenation patterns for 7 languages loaded.
(/usr/share/texlive/texmf-dist/tex/latex/base/article.cls
Document Class: article 2014/09/29 v1.4h Standard LaTeX document class
(/usr/share/texlive/texmf-dist/tex/latex/base/size10.clo
File: size10.clo 2014/09/29 v1.4h Standard LaTeX file (size option)
)
\c@part=\count79
\c@section=\count80
\c@subsection=\count81
\c@subsubsection=\count82
\c@paragraph=\count83
\c@subparagraph=\count84
\c@figure=\count85
\c@table=\count86
\abovecaptionskip=\skip41
\belowcaptionskip=\skip42
\bibindent=\dimen102
) (./algorithmicx.sty
Package: algorithmicx 2005/04/27 v1.2 Algorithmicx

(/usr/share/texlive/texmf-dist/tex/latex/base/ifthen.sty
Package: ifthen 2014/09/29 v1.1c Standard LaTeX ifthen package (DPC)
)
Document Style algorithmicx 1.2 - a greatly improved `algorithmic' style
\c@ALG@line=\count87
\c@ALG@rem=\count88
\c@ALG@nested=\count89
\ALG@tlm=\skip43
\ALG@thistlm=\skip44
\c@ALG@Lnr=\count90
\c@ALG@blocknr=\count91
\c@ALG@storecount=\count92
\c@ALG@tmpcounter=\count93
\ALG@tmplength=\skip45
)

! LaTeX Error: File `algorithm.sty' not found.

Type X to quit or <RETURN> to proceed,
or enter new name. (Default extension: sty)

Enter file name: 
! Emergency stop.
<read *> 
         
l.4 \usepackage
               {algpseudocode}^^M
*** (cannot \read from terminal in nonstop modes)

 
Here is how much of TeX's memory you used:
 513 strings out of 494968
 6116 string characters out of 6178964
 53748 words of memory out of 5000000
 3829 multiletter control sequences out of 15000+600000
 3640 words of font info for 14 fonts, out of 8000000 for 9000
 14 hyphenation exceptions out of 8191
 23i,0n,17p,211b,36s stack positions out of 5000i,500n,10000p,200000b,80000s
!  ==> Fatal error occurred, no output PDF file produced!
